
============================================================
  京都歯科総研 医院DB構築 v4.0  2026-07-08
  設計思想: 全院網羅（Nearby Search グリッド）+ AI評判生成
  グリッド数: 1280点（間隔0.008度・半径600m）
  現在のDB  : 0院
  足切り    : 閉業のみ（評価・口コミ数での除外なし）
============================================================

【Phase 1】Nearby Search グリッド — 京都市全域を座標で網羅
  目標: 検索順位・SEOに依存せず存在する全医院を取得

  🔲 [  1/1280] (34.87, 135.56) → 0件（新規: 0院）
  🔲 [  2/1280] (34.87, 135.568) → 0件（新規: 0院）
  🔲 [  3/1280] (34.87, 135.576) → 0件（新規: 0院）
  🔲 [  4/1280] (34.87, 135.584) → 0件（新規: 0院）
  🔲 [  5/1280] (34.87, 135.592) → 0件（新規: 0院）
  🔲 [  6/1280] (34.87, 135.6) → 4件（新規: 4院）
    ▶ 川崎歯科医院（★0・0件）  総合0点 📡0ソース
    ▶ 松本歯科クリニック（★2・4件）  総合0点 📡0ソース
    ▶ 田中歯科（★0・0件）  総合0点 📡0ソース
    ▶ えむら歯科（★4.2・9件）  総合2点 📡0ソース
  🔲 [  7/1280] (34.87, 135.608) → 2件（新規: 2院）
    ▶ なかや歯科医院（★0・0件）  総合0点 📡0ソース
    ▶ 近森歯科日吉台診療所（★5・3件）  総合0点 📡0ソース
  🔲 [  8/1280] (34.87, 135.616) → 3件（新規: 3院）
    ▶ しまぬき歯科クリニック（★3.5・15件）  総合0点 📡0ソース
    ▶ 望月歯科医院（★4.8・5件）  総合2点 📡0ソース
    ▶ きたむら歯科医院（★5・7件）  総合2点 📡0ソース
  🔲 [  9/1280] (34.87, 135.624) → 1件（新規: 0院）
  🔲 [ 10/1280] (34.87, 135.632) → 0件（新規: 0院）
  🔲 [ 11/1280] (34.87, 135.64) → 0件（新規: 0院）
  🔲 [ 12/1280] (34.87, 135.648) → 0件（新規: 0院）
  🔲 [ 13/1280] (34.87, 135.656) → 3件（新規: 3院）
    ▶ 森田歯科医院（★4.5・2件）  総合0点 📡0ソース
    ▶ 国佐歯科医院（★4.5・6件）  総合2点 📡0ソース
    ▶ しんの歯科クリニック（★3.8・8件）  総合0点 📡0ソース
  🔲 [ 14/1280] (34.87, 135.664) → 5件（新規: 2院）
    ▶ 森田歯科医院（★4.5・2件）  総合0点 📡0ソース
    ▶ デンタルクリニックいその（★3.4・8件）  総合0点 📡0ソース
    ▶ 中野歯科医院（★5・1件）  総合0点 📡0ソース
    ▶ しんの歯科クリニック（★3.8・8件）  総合0点 📡0ソース
  🔲 [ 15/1280] (34.87, 135.672) → 0件（新規: 0院）
  🔲 [ 16/1280] (34.87, 135.68) → 5件（新規: 5院）
    ▶ 善入歯科医院（★5・1件）  総合0点 📡0ソース
    ▶ はだ歯科口腔外科医院（★5・1件）  総合0点 📡0ソース
    ▶ まつもと歯科医院（★4.5・8件）  総合2点 📡0ソース
    ▶ ロンジェヴィテ125訪問歯科クリニック（★0・0件）  総合0点 📡0ソース
    ▶ 今井歯科医院（★4.3・9件）  総合2点 📡0ソース
  🔲 [ 17/1280] (34.87, 135.688) → 2件（新規: 0院）
    ▶ はだ歯科口腔外科医院（★5・1件）  総合0点 📡0ソース
  🔲 [ 18/1280] (34.87, 135.696) → 1件（新規: 1院）
    ▶ 夕部歯科クリニック（★0・0件）  総合0点 📡0ソース
  🔲 [ 19/1280] (34.87, 135.704) → 2件（新規: 2院）
    ▶ 山上歯科医院（★5・2件）  総合0点 📡0ソース
    ▶ 野木歯科医院（★4.7・3件）  総合0点 📡0ソース
  🔲 [ 20/1280] (34.87, 135.712) → 1件（新規: 1院）
    ▶ 竹村歯科医院（★5・1件）  総合0点 📡0ソース

  💾 20グリッド完了・DB保存: 23院

  🔲 [ 21/1280] (34.87, 135.72) → 0件（新規: 0院）
  🔲 [ 22/1280] (34.87, 135.728) → 0件（新規: 0院）
  🔲 [ 23/1280] (34.87, 135.736) → 1件（新規: 1院）
    ▶ 藤永クリニック（★0・0件）  総合0点 📡0ソース
  🔲 [ 24/1280] (34.87, 135.744) → 0件（新規: 0院）
  🔲 [ 25/1280] (34.87, 135.752) → 1件（新規: 1院）
    ▶ いそざき歯科（★4・4件）  総合0点 📡0ソース
  🔲 [ 26/1280] (34.87, 135.76) → 0件（新規: 0院）
  🔲 [ 27/1280] (34.87, 135.768) → 1件（新規: 1院）
    ▶ 鈴木旦椋歯科医院（★4・1件）  総合0点 📡0ソース
  🔲 [ 28/1280] (34.87, 135.776) → 9件（新規: 9院）
    ▶ みよし歯科（★4.5・13件）  総合2点 📡0ソース
    ▶ 鈴木歯科医院（★5・1件）  総合0点 📡0ソース
    ▶ 水谷歯科医院（★0・0件）  総合0点 📡0ソース
    ▶ にしの歯科クリニック（★3.8・61件）  総合0点 📡0ソース
    ▶ ヨシダ歯科医院（★0・0件）  総合0点 📡0ソース
    ▶ 久富歯科医院（★0・0件）  総合0点 📡0ソース
    ▶ 医療法人 佳光会 ひろ歯科クリニック（★4.1・25件）  総合2点 📡0ソース
    ▶ 佐々木歯科医院（★5・1件）  総合0点 📡0ソース
    ▶ やまもと歯科大久保院（★4.4・69件）  総合5点 📡0ソース
  🔲 [ 29/1280] (34.87, 135.784) → 2件（新規: 1院）
    ▶ 鈴木歯科医院（★5・1件）  総合0点 📡0ソース
    ▶ なかむら歯科医院（★4.7・85件）  総合8点 📡0ソース
  🔲 [ 30/1280] (34.87, 135.792) → 1件（新規: 0院）
  🔲 [ 31/1280] (34.87, 135.8) → 0件（新規: 0院）
  🔲 [ 32/1280] (34.87, 135.808) → 0件（新規: 0院）
  🔲 [ 33/1280] (34.87, 135.816) → 0件（新規: 0院）
  🔲 [ 34/1280] (34.87, 135.824) → 0件（新規: 0院）
  🔲 [ 35/1280] (34.87, 135.832) → 0件（新規: 0院）
  🔲 [ 36/1280] (34.87, 135.84) → 0件（新規: 0院）
  🔲 [ 37/1280] (34.87, 135.848) → 0件（新規: 0院）
  🔲 [ 38/1280] (34.87, 135.856) → 0件（新規: 0院）
  🔲 [ 39/1280] (34.87, 135.864) → 0件（新規: 0院）
  🔲 [ 40/1280] (34.87, 135.872) → 0件（新規: 0院）

  💾 40グリッド完了・DB保存: 36院

  🔲 [ 41/1280] (34.878, 135.56) → 0件（新規: 0院）
  🔲 [ 42/1280] (34.878, 135.568) → 0件（新規: 0院）
  🔲 [ 43/1280] (34.878, 135.576) → 0件（新規: 0院）
  🔲 [ 44/1280] (34.878, 135.584) → 0件（新規: 0院）
  🔲 [ 45/1280] (34.878, 135.592) → 0件（新規: 0院）
  🔲 [ 46/1280] (34.878, 135.6) → 5件（新規: 2院）
    ▶ 中道歯科医院（★1・1件）  総合0点 📡0ソース
    ▶ 中屋歯科医院（★0・0件）  総合0点 📡0ソース
    ▶ 松本歯科クリニック（★2・4件）  総合0点 📡0ソース
    ▶ 川崎歯科医院（★0・0件）  総合0点 📡0ソース
    ▶ 田中歯科（★0・0件）  総合0点 📡0ソース
  🔲 [ 47/1280] (34.878, 135.608) → 2件（新規: 1院）
    ▶ 塚本歯科医院（★3・4件）  総合0点 📡0ソース
    ▶ 近森歯科日吉台診療所（★5・3件）  総合0点 📡0ソース
  🔲 [ 48/1280] (34.878, 135.616) → 1件（新規: 0院）
  🔲 [ 49/1280] (34.878, 135.624) → 0件（新規: 0院）
  🔲 [ 50/1280] (34.878, 135.632) → 0件（新規: 0院）
  🔲 [ 51/1280] (34.878, 135.64) → 0件（新規: 0院）
  🔲 [ 52/1280] (34.878, 135.648) → 0件（新規: 0院）
  🔲 [ 53/1280] (34.878, 135.656) → 1件（新規: 1院）
    ▶ あすなろ歯科 矯正歯科（★4・34件）  総合2点 📡0ソース
  🔲 [ 54/1280] (34.878, 135.664) → 4件（新規: 3院）
    ▶ 善歯科医院（★3.3・7件）  総合0点 📡0ソース
    ▶ 藤尾歯科・矯正歯科医院（★3.4・9件）  総合0点 📡0ソース
    ▶ トヨシマ歯科口腔外科（★2.5・6件）  総合0点 📡0ソース
  🔲 [ 55/1280] (34.878, 135.672) → 2件（新規: 0院）
    ▶ 善歯科医院（★3.3・7件）  総合0点 📡0ソース
    ▶ トヨシマ歯科口腔外科（★2.5・6件）  総合0点 📡0ソース
  🔲 [ 56/1280] (34.878, 135.68) → 1件（新規: 1院）
    ▶ 島岡歯科医院（★4.3・7件）  