========================================================
  公式サイト深掘り  対象 636院  FORCE=False
========================================================
  [1/636] えむら歯科    
  [2/636] なかや歯科医院    
  [3/636] 近森歯科日吉台診療所    
  [4/636] しまぬき歯科クリニック    
  [5/636] 望月歯科医院    
  [6/636] きたむら歯科医院    
  [7/636] 森田歯科医院    
  [8/636] 国佐歯科医院    
  [9/636] しんの歯科クリニック    
  [10/636] デンタルクリニックいその    
  [11/636] ロンジェヴィテ125訪問歯科クリニック    
  [12/636] 今井歯科医院    
  [13/636] いそざき歯科    
  [14/636] みよし歯科    
  [15/636] にしの歯科クリニック    
  [16/636] 久富歯科医院    
  [17/636] 医療法人 佳光会 ひろ歯科クリニック    
  [18/636] 佐々木歯科医院    
  [19/636] やまもと歯科大久保院    
  [20/636] なかむら歯科医院    
    💾 20院保存 / 院長0 設備0
  [21/636] 中道歯科医院    
  [22/636] あすなろ歯科 矯正歯科    
  [23/636] 藤尾歯科・矯正歯科医院    
  [24/636] トヨシマ歯科口腔外科    
  [25/636] 宮本歯科医院    
  [26/636] コマツ歯科医院    
  [27/636] 自由脱毛空間    
  [28/636] 京谷歯科    
  [29/636] 医療法人 原田歯科    
  [30/636] 榎川歯科医院    
  [31/636] いなみ矯正歯科    
  [32/636] こすぎ歯科医院    
  [33/636] 宮地歯科医院    
  [34/636] 吉岡歯科クリニック    
  [35/636] 水谷歯科大谷診療所    
  [36/636] 鈴木宏受歯科医院    
  [37/636] あだち歯科医院    
  [38/636] 大山歯科医院    
  [39/636] 井上歯科医院    
  [40/636] 矢野歯科医院    
    💾 40院保存 / 院長0 設備0
  [41/636] 嶋村歯科医院  ✗取得失敗
  [42/636] くめ歯科クリニック    
  [43/636] 医療法人聖医会 中村歯科医院    
  [44/636] 宇治ゆうた矯正歯科    
  [45/636] 弘部歯科医院（医療法人）  ✗取得失敗
  [46/636] 中津デンタルクリニック    
  [47/636] 佐野歯科医院  ✗取得失敗
  [48/636] まつした歯科・矯正歯科クリニック    
  [49/636] かねだ歯科クリニック    
  [50/636] ニシカワ歯科    
  [51/636] にしの美容室    
  [52/636] 勝田医院矯正歯科    
  [53/636] 森居歯科医院    
  [54/636] 三村歯科医院    
  [55/636] 牟禮歯科医院    
  [56/636] 高畑歯科    
  [57/636] はせがわ歯科クリニック    
  [58/636] 医療法人クリスタルDm 加藤歯科診療所     
  [59/636] ファミリア歯科クリニック    
  [60/636] いほき歯科医院  ✗取得失敗
  [61/636] 医療法人 礼理会 中嶋歯科医院    
  [62/636] 中村歯科医院  ✗取得失敗
  [63/636] 杉本歯科医院    
  [64/636] 福田歯科クリニック    
  [65/636] トノガイ歯科医院    
  [66/636] 岡本歯科クリニック    
  [67/636] 加藤歯科医院    
  [68/636] 安藤歯科医院    
  [69/636] 京都 長岡京アゼリア歯科    
  [70/636] 小倉歯科クリニック    
  [71/636] さわだ矯正歯科クリニック    
  [72/636] 戸渡歯科診療所    
  [73/636] みやじま歯科クリニック    
  [74/636] 医療法人文亀会井上歯科医院    
  [75/636] なかおか小児歯科クリニック    
  [76/636] 歯のホワイトニング専門店 ホワイトニング    
  [77/636] 高橋歯科医院    
  [78/636] きばやし歯科医院    
  [79/636] ふじわら歯科クリニック    
  [80/636] 中山歯科医院    
    💾 80院保存 / 院長0 設備0
  [81/636] 陰山歯科 京都院    
  [82/636] 古川歯科    
  [83/636] たくやデンタルクリニック    
  [84/636] 仁科歯科医院    
  [85/636] わかばやし歯科クリニック    
  [86/636] 医療法人聖医会 岡本歯科医院    
  [87/636] ワタリウエ歯科    
  [88/636] 宮地歯科医院  ✗取得失敗
  [89/636] 医療法人社団佐々木歯科医院    
  [90/636] もりした歯科医院    
  [91/636] とみざわデンタルクリニック    
  [92/636] ミヤタ歯科こども歯科    
  [93/636] 医療法人明安堂 みた歯科クリニック    
  [94/636] まとば歯科    
  [95/636] 伏見リーフ歯科クリニック    
  [96/636] 医療法人ひらうち会 ひらうち歯科    
  [97/636] 中井歯科医院    
  [98/636] 桃山歯科クリニック    
  [99/636] みばやし歯科    
  [100/636] いくま歯科医院    
    💾 100院保存 / 院長0 設備0
  [101/636] 浜歯科    
  [102/636] サクラ堂歯科医院    
  [103/636] ももご歯科    
  [104/636] 平井歯科ちかデンタルクリニック  ✗取得失敗
  [105/636] 桃山白石歯科医院    
  [106/636] 織田歯科医院    
  [107/636] きたむら歯科医院    
  [108/636] 京都歯科特殊健診センター    
  [109/636] 南歯科診療所    
  [110/636] すえき歯科医院    
  [111/636] かながわ矯正歯科 六地蔵診療所    
  [112/636] 岳歯科クリニック/関西インプラントオフィ    
  [113/636] 六じぞうファミリー歯科    
  [114/636] かながわ矯正歯科六地蔵駐車場    
  [115/636] かわい歯科クリニック    
  [116/636] おだ歯科小児歯科クリニック    
  [117/636] 医療法人建祐会おおはし歯科クリニック    
  [118/636] 石原歯科医院    
  [119/636] 羽田歯科医院    
  [120/636] かなたにデンタルクリニック    
    💾 120院保存 / 院長0 設備0
  [121/636] あずま（東）歯科医院  ✗取得失敗
  [122/636] こがはしもと歯科医院    
  [123/636] 木下歯科    
  [124/636] かわはら歯科    
  [125/636] 医療法人 竹内歯科診療所    
  [126/636] 伏見もんま矯正歯科    
  [127/636] はせがわ歯科医院    
  [128/636] 下村歯科医院    
  [129/636] 小島矯正歯科    
  [130/636] いなの歯科クリニック    
  [131/636] 浅井歯科医院    
  [132/636] ひご歯科医院    
  [133/636] 向日歯科医院    
  [134/636] こやま歯科医院    
  [135/636] やまとデンタルクリニック    
  [136/636] 内藤晶歯科診療所  ✗取得失敗
  [137/636] 大原歯科医院    
  [138/636] 髙山歯科クリニック    
  [139/636] 村井歯科医院    
  [140/636] もりデンタルクリニック    
    💾 140院保存 / 院長0 設備0
  [141/636] むらかみ歯科医院    
  [142/636] Ｎデンタルクリニック    
  [143/636] 小曽根歯科医院  ✗取得失敗
  [144/636] 丸山歯科医院    
  [145/636] 安岡歯科医院    
  [146/636] さかの歯科    
  [147/636] 小笹歯科診療所    
  [148/636] フォレストデンタル京都洛西    
  [149/636] いわもと歯科クリニック    
  [150/636] リノデンタルクリニック    
  [151/636] たかこ歯科こどもとかぞくのクリニック    
  [152/636] 横田歯科医院    
  [153/636] 石田歯科    
  [154/636] 桂川歯科クリニック    
  [155/636] くいなばしデンタルクリニック    
  [156/636] 堀口歯科医院    
  [157/636] 岩橋歯科医院    
  [158/636] 長谷川歯科医院    
  [159/636] ふじえだ歯科医院    
  [160/636] シバハラ歯科医院    
    💾 160院保存 / 院長0 設備0
  [161/636] 医療法人西垣歯科医院    
  [162/636] 上山歯科    
  [163/636] 林歯科医院    
  [164/636] 赤川歯科クリニック    
  [165/636] 浅井歯科 イオン桂川院    
  [166/636] 浅井歯科 洛西口院    
  [167/636] まつおか歯科クリニック  ✗取得失敗
  [168/636] つね歯科医院  ✗取得失敗
  [169/636] 徳地歯科医院    
  [170/636] 徳地歯科医院    
  [171/636] 野添歯科医院    
  [172/636] 花井歯科医院    
  [173/636] 北林歯科医院    
  [174/636] さくらぎファミリー歯科    
  [175/636] ふじしろ歯科医院    
  [176/636] 桜木歯科医院    
  [177/636] こうの歯科    
  [178/636] かつら歯科クリニック    
  [179/636] あらがね歯科診療所    
  [180/636] 佐々木歯科医院｜京都市西京区桂    
    💾 180院保存 / 院長0 設備0
  [181/636] 五十嵐歯科医院    
  [182/636] 桝歯科医院  ✗取得失敗
  [183/636] ひらつか歯科    
  [184/636] 京都市小幡歯科クリニック    
  [185/636] 金子歯科医院    
  [186/636] 内橋小児歯科クリニック    
  [187/636] 榎川歯科    
  [188/636] 京都マス歯科・矯正歯科 南区本院    
  [189/636] 健美歯会 なぎ辻デンタルクリニック 本院  ✗取得失敗
  [190/636] 医療法人育成会 うえの歯科    
  [191/636] 五葉会デンタルクリニック イオン山科院    
  [192/636] 健美歯会 なぎ辻デンタルクリニック 分院  ✗取得失敗
  [193/636] 前川歯科医院    
  [194/636] 宮尾歯科医院    
  [195/636] どうとう矯正歯科クリニック    
  [196/636] さわだ矯正歯科桂クリニック    
  [197/636] 岩崎歯科医院    
  [198/636] 井上歯科診療所｜西京区桂    
  [199/636] ますみデンタルクリニック    
  [200/636] 髙山歯科診療所    
    💾 200院保存 / 院長0 設備0
  [201/636] 医）杉本こども歯科クリニック  ✗取得失敗
  [202/636] （株）前川デンタルラボ    
  [203/636] 中田歯科クリニック    
  [204/636] 桂駅西口 片山歯科クリニック    
  [205/636] にしざわ歯科医院    
  [206/636] 山口歯科医院    
  [207/636] ちづ歯科・こども歯科クリニック  ✗取得失敗
  [208/636] 八条デンタルクリニック    
  [209/636] ひろ歯科クリニック    
  [210/636] 下川歯科医院  ✗取得失敗
  [211/636] 東寺前歯科クリニック    
  [212/636] 医療法人おおさき歯科クリニック    
  [213/636] ヤスダ歯科クリニック    
  [214/636] 東歯科医院    
  [215/636] 田中歯科診療所    
  [216/636] 東寺駅前 宮地歯科クリニック｜京都市南区    
  [217/636] アイデンタルクリニック    
  [218/636] 九条診療所歯科    
  [219/636] 清水歯科医院    
  [220/636] おおいしばし歯科    
    💾 220院保存 / 院長0 設備0
  [221/636] クリア歯科 京都院    
  [222/636] 日本インプラント京都八条口クリニック    
  [223/636] 東福寺デンタルクリニック    
  [224/636] まつい歯科クリニック    
  [225/636] かねだ歯科医院    
  [226/636] こやま歯科医院    
  [227/636] ホワイトエッセンス加盟院（京都山科）    
  [228/636] 音羽歯科  ✗取得失敗
  [229/636] 古原歯科医院    
  [230/636] 宮川歯科医院    
  [231/636] 三井歯科    
  [232/636] ふじた歯科医院    
  [233/636] クロイ歯科医院    
  [234/636] 浅井歯科医院 上桂院    
  [235/636] かとうデンタルクリニック    
  [236/636] はぎざき歯科医院    
  [237/636] 桂川水野歯科医院  ✗取得失敗
  [238/636] いしばし歯科クリニック    
  [239/636] たけい歯科医院    
  [240/636] 宮田歯科医院    
    💾 240院保存 / 院長0 設備0
  [241/636] 郷歯科医院    
  [242/636] デンタルクリニック川村    
  [243/636] 寺尾歯科医院    
  [244/636] 川村歯科医院    
  [245/636] 西大路トヨダ歯科  ✗取得失敗
  [246/636] 川崎歯科診療所    
  [247/636] タキノ歯科医院 右京区 インプラント ホ    
  [248/636] たかはし歯科医院    
  [249/636] 梅津歯科医院    
  [250/636] 内田歯科医院    
  [251/636] 医療法人健進会 はやし歯科診療所    
  [252/636] ひろせ歯科医院    
  [253/636] 京都駅前デンタルクリニック    
  [254/636] 本多歯科医院    
  [255/636] 西洞院歯科クリニック    
  [256/636] セルフホワイトニングサロン エクシア ホ    
  [257/636] メディカルホワイトニングHAKU 京都駅    
  [258/636] 山崎デンタルクリニック    
  [259/636] 日の丸歯科医院    
  [260/636] 安田歯科医院    
    💾 260院保存 / 院長0 設備0
  [261/636] 駅前矯正歯科    
  [262/636] 京都駅前パール歯科    
  [263/636] 歯のホワイトニング専門店 ホワイトニング    
  [264/636] 土坂歯科医院    
  [265/636] しばた歯科医院    
  [266/636] たにぐち歯科    
  [267/636] 杉江歯科医院    
  [268/636] SAN DENTAL CLINIC    
  [269/636] みほ矯正歯科医院    
  [270/636] 鈴木歯科医院    
  [271/636] 小沢歯科医院  ✗取得失敗
  [272/636] まさあき歯科    
  [273/636] みぞかわ歯科医院    
  [274/636] 山科たかうじ歯科医院    
  [275/636] 西田矯正歯科    
  [276/636] 竹脇歯科医院    
  [277/636] 和田歯科医院    
  [278/636] 石角歯科医院  ✗取得失敗
  [279/636] ホリイ歯科医院    
  [280/636] 中山歯科    
    💾 280院保存 / 院長0 設備0
  [281/636] 西京極ゆうた矯正歯科    
  [282/636] 山岡歯科医院    
  [283/636] 栄歯科医院    
  [284/636] 平塚歯科診療所    
  [285/636] いろは歯科西院    
  [286/636] 白原歯科医院    
  [287/636] セルフホワイトニングサロン エクシアホワ    
  [288/636] あさみ歯科クリニック    
  [289/636] わだ歯科クリニック    
  [290/636] 小坂壬生川歯科医院    
  [291/636] たけだ歯科クリニック    
  [292/636] いせき歯科クリニック    
  [293/636] HÄLSA DENTAL CLINIC    
  [294/636] 五条はしもと歯科・矯正歯科    
  [295/636] 近藤歯科クリニック    
  [296/636] くす矯正歯科    
  [297/636] 古田歯科医院    
  [298/636] 東洞院はやし歯科    
  [299/636] たね歯科クリニック    
  [300/636] 河原町歯科・矯正歯科クリニック    
    💾 300院保存 / 院長0 設備0
  [301/636] ますなが歯科    
  [302/636] HIKARI Dental Clinic    
  [303/636] 新実デンタルクリニック    
  [304/636] ひのおかデンタルクリニック    
  [305/636] むねかわ歯科    
  [306/636] 志賀歯科医院    
  [307/636] 目片歯科医院    
  [308/636] はやかわ歯科 小児矯正歯科    
  [309/636] 中川歯科医院    
  [310/636] 仕合歯科・矯正歯科    
  [311/636] 吉田歯科医院,Yoshida denta    
  [312/636] 植村歯科医院    
  [313/636] 医療法人紫明会 うまほり西田歯科医院    
  [314/636] よしおか歯科    
  [315/636] 岡本歯科医院 (西京区)    
  [316/636] うめづ田中歯科医院    
  [317/636] さがのあおい歯科    
  [318/636] 中村歯科医院 【歯医者/歯周病/マウスピ    
  [319/636] もり矯正歯科 うずまさ    
  [320/636] 岩本デンタルクリニック    
    💾 320院保存 / 院長0 設備0
  [321/636] 医療法人学殖会 村井歯科医院    
  [322/636] にしで歯科医院    
  [323/636] 医療法人健盛会 四条通り歯科クリニック    
  [324/636] 医療法人 冨井歯科医院    
  [325/636] さわだ矯正歯科西院クリニック    
  [326/636] 越久村歯科医院    
  [327/636] 医療法人盛洛会もりうえ歯科クリニック    
  [328/636] ホワイトエッセンス加盟院（京都西院）    
  [329/636] たかもり歯科医院    
  [330/636] かながわ矯正歯科駐車場    
  [331/636] 片川歯科医院  ✗取得失敗
  [332/636] 西院デンタルクリニック アフレ    
  [333/636] Ｋデンタルオフィス    
  [334/636] 西院やまさき歯科    
  [335/636] 西院デンタル矯正歯科    
  [336/636] トミイ歯科・矯正歯科    
  [337/636] 西院デンタルクリニック 駅ビル    
  [338/636] 吉岡歯科医院    
  [339/636] 京都二条たけち歯科クリニック    
  [340/636] こまき歯科医院    
    💾 340院保存 / 院長0 設備0
  [341/636] おぬき歯科    
  [342/636] あきデンタルクリニック    
  [343/636] こじま歯科医院    
  [344/636] 長谷川歯科    
  [345/636] アリスデンタルクリニック    
  [346/636] いのうえ歯科クリニック    
  [347/636] 竹内歯科医院    
  [348/636] もりや歯科医院    
  [349/636] 岩崎歯科医院    
  [350/636] きたはら歯科    
  [351/636] なかお七本松歯科クリニック    
  [352/636] 出口歯科医院    
  [353/636] くりた歯科医院    
  [354/636] 平野歯科医院    
  [355/636] 医療法人 とみい歯科クリニック    
  [356/636] 菅原歯科医院    
  [357/636] 本多歯科医院    
  [358/636] 西田かんな歯科  ✗取得失敗
  [359/636] 熊本歯科医院    
  [360/636] THREE LUCK 四条烏丸店  ✗取得失敗
  [361/636] なかた歯科クリニック御池    
  [362/636] Okabe Dental Clinic    
  [363/636] 村井歯科医院    
  [364/636] アルデブランデンタルクリニック京都院    
  [365/636] 四条烏丸歯科クリニック    
  [366/636] ホワイトエッセンス京都四条通り矯正歯科    
  [367/636] 西川デンタルクリニック    
  [368/636] 愛歯科医院    
  [369/636] あおい矯正歯科    
  [370/636] デンタルクリニックTAKANNA    
  [371/636] Rimo Dental Clinic    
  [372/636] Kano Dental Clinic K    
  [373/636] Kushimoto Orthodonti    
  [374/636] Nakamura Dental Clin    
  [375/636] Shijokarasuma Green     
  [376/636] Iwase Dental Clinic    
  [377/636] Shijomuromachishika     
  [378/636] メディカルホワイトニングHAKU 烏丸三    
  [379/636] Yoshikawa Dental Cli    
  [380/636] Karasumaoike Dental     
    💾 380院保存 / 院長0 設備0
  [381/636] ULTIMA WHITENING ホワイ    
  [382/636] Yuri Dental Clinic    
  [383/636] 御池歯科クリニック    
  [384/636] Apple Dental Clinic     
  [385/636] Nishimura Dental Cli    
  [386/636] 三条河原町デンタルクリニック    
  [387/636] 川村歯科診療所    
  [388/636] 三条山口歯科医院    
  [389/636] 永田矯正歯科    
  [390/636] 藤村歯科医院    
  [391/636] 葵診療所歯科    
  [392/636] 小林歯科医院    
  [393/636] 京都河原町スマイルデザイン歯科・矯正歯科    
  [394/636] 京都四条河原町トラスト歯科・矯正歯科院    
  [395/636] 京都四条矯正歯科クリニック    
  [396/636] 歯科たけうち    
  [397/636] 奥野歯科祇園縄手診療所    
  [398/636] Yoshikawa Dental Cli    
  [399/636] Yasuda Dental Clinic    
  [400/636] 京都三条大橋歯科診療所    
    💾 400院保存 / 院長0 設備0
  [401/636] 西崎歯科医院    
  [402/636] 岡村歯科医院 祇園四条    
  [403/636] ミキプライベートデンタルクリニック    
  [404/636] 藤居歯科診療所    
  [405/636] 大津むらた歯科・矯正歯科    
  [406/636] はなよし歯科・矯正歯科    
  [407/636] 藤田歯科医院    
  [408/636] 藤下歯科医院    
  [409/636] はまおおつ歯科    
  [410/636] 石田歯科医院  ✗取得失敗
  [411/636] ますだ歯科クリニック    
  [412/636] 尾松矯正歯科  ✗取得失敗
  [413/636] 中川幹也歯科診療所    
  [414/636] 安井歯科医院    
  [415/636] クニッテル並河歯科  ✗取得失敗
  [416/636] セントレミール    
  [417/636] 天野歯科医院    
  [418/636] 嶋村歯科医院    
  [419/636] 石川歯科医院    
  [420/636] ホワイトエッセンス加盟院（亀岡駅前）    
    💾 420院保存 / 院長0 設備0
  [421/636] かめおか矯正歯科    
  [422/636] おぎの矯正歯科    
  [423/636] 前川歯科医院    
  [424/636] 湯浅歯科医院    
  [425/636] 名古歯科医院    
  [426/636] 高寄歯科医院    
  [427/636] いとう歯科クリニック    
  [428/636] ウケタ歯科医院    
  [429/636] にしかわ歯科医院 太秦天神川駅【歯医者/    
  [430/636] 堤歯科医院    
  [431/636] おおしろ歯科医院    
  [432/636] 白川歯科医院    
  [433/636] あららぎ歯科クリニック    
  [434/636] 西大路御池デンタルクリニック    
  [435/636] 医療法人健盛会 西ノ京ふなき歯科クリニッ    
  [436/636] いわみ歯科クリニック    
  [437/636] たかはし歯科医院    
  [438/636] 御前 安井歯科医院    
  [439/636] 純デンタルクリニック    
  [440/636] 京都市休日急病歯科 中央診療所    
    💾 440院保存 / 院長0 設備0
  [441/636] かながわ矯正歯科 二条診療所    
  [442/636] はやせ歯科医院    
  [443/636] おおうち歯科クリニック    
  [444/636] きよら矯正歯科    
  [445/636] 上松歯科医院    
  [446/636] 府庁前しばた歯科クリニック    
  [447/636] ふじやま矯正歯科    
  [448/636] 御所南しげおかデンタルオフィス    
  [449/636] 川村歯科医院    
  [450/636] 太田歯科 矯正歯科    
  [451/636] うえむら歯科    
  [452/636] 御所南ともこ歯科    
  [453/636] 烏丸ビューティーデンタルクリニック【矯正    
  [454/636] 団おとなこども歯科    
  [455/636] 和田歯科医院  ✗取得失敗
  [456/636] ももい矯正歯科クリニック    
  [457/636] にしぼり歯科医院    
  [458/636] Sakaimachigomon Dent    
  [459/636] Fukuchi Dental Clini    
  [460/636] Kyotomarutamachi Kyo    
    💾 460院保存 / 院長0 設備0
  [461/636] キョート矯正歯科クリニック 京都    
  [462/636] はらぐち歯科クリニック    
  [463/636] なかい歯科    
  [464/636] 歯科総合診療室 in ホテルオークラ京都    
  [465/636] 御所東デンタルクリニック    
  [466/636] 速水歯科医院    
  [467/636] 聖護院やぎ歯科・矯正歯科    
  [468/636] 宮本歯科医院    
  [469/636] 浦田歯科クリニック 亀岡 ホワイトニング    
  [470/636] モリ歯科医院    
  [471/636] よねざわ歯科医院    
  [472/636] 武田デンタルクリニック    
  [473/636] あきた歯科クリニック    
  [474/636] 医療法人みらい いばらき歯科クリニック    
  [475/636] のまファミリー歯科クリニック    
  [476/636] 武田歯科医院    
  [477/636] しらす歯科医院    
  [478/636] 内田歯科医院  ✗取得失敗
  [479/636] 千里デンタルクリニック    
  [480/636] きしデンタルクリニック 北野白梅町    
    💾 480院保存 / 院長0 設備0
  [481/636] 岡村歯科医院    
  [482/636] あおい・子ども歯科    
  [483/636] そえだデンタルクリニック    
  [484/636] ファミリー小児矯正歯科    
  [485/636] つるおか歯科クリニック｜京都市 上京区     
  [486/636] 御所西歯科中川クリニック    
  [487/636] スガノデンタルクリニック    
  [488/636] ふるかわ小児歯科    
  [489/636] まさき歯科医院    
  [490/636] こばやし歯科医院    
  [491/636] 医療法人吉田歯科医院    
  [492/636] 岡野歯科医院    
  [493/636] フジバヤシ歯科クリニック    
  [494/636] あしだ歯科医院    
  [495/636] 高山歯科医院    
  [496/636] 西大津歯科医院    
  [497/636] 小野矯正歯科医院    
  [498/636] 大津京おおくぼ歯科医院    
  [499/636] 河野歯科医院  ✗取得失敗
  [500/636] 堤洋之歯科医院    
    💾 500院保存 / 院長0 設備0
  [501/636] 白梅町アリス歯科医院    
  [502/636] ごう歯科クリニック    
  [503/636] もり矯正歯科 きたの白梅町    
  [504/636] 嶋森歯科医院  ✗取得失敗
  [505/636] 医療法人千槇会羽田歯科医院    
  [506/636] 正木歯科医院    
